[10:22:05] [main/INFO]: Environment: authHost='https://authserver.mojang.com', accountsHost='https://api.mojang.com', sessionHost='https://sessionserver.mojang.com', servicesHost='https://api.minecraftservices.com', name='PROD'
[10:22:06] [main/INFO]: Reloading ResourceManager: Default, bukkit
[10:22:07] [Worker-Main-11/INFO]: Loaded 7 recipes
[10:22:10] [Server thread/INFO]: Starting minecraft server version 1.16.5
[10:22:10] [Server thread/INFO]: Loading properties
[10:22:11] [Server thread/INFO]: This server is running CraftBukkit version 3096a-Spigot-9fb885e-af1a232 (MC: 1.16.5) (Implementing API version 1.16.5-R0.1-SNAPSHOT)
[10:22:11] [Server thread/INFO]: Debug logging is disabled
[10:22:11] [Server thread/INFO]: Server Ping Player Sample Count: 12
[10:22:11] [Server thread/INFO]: Using 4 threads for Netty based IO
[10:22:11] [Server thread/INFO]: Default game type: SURVIVAL
[10:22:11] [Server thread/INFO]: Generating keypair
[10:22:12] [Server thread/INFO]: Starting Minecraft server on 0.0.0.0:25567
[10:22:13] [Server thread/INFO]: Using epoll channel type
[10:22:15] [Server thread/WARN]: Initializing Legacy Material Support. Unless you have legacy plugins and/or data this is a bug!
[10:22:22] [Server thread/WARN]: Legacy plugin mcloginx v2.0.0 does not specify an api-version.
[10:22:23] [Server thread/INFO]: [SetHome] Loading SetHome v1.2
[10:22:23] [Server thread/INFO]: [mcloginx] Loading mcloginx v2.0.0
[10:22:23] [Server thread/INFO]: [Vault] Loading Vault v1.7.3-b131
[10:22:23] [Server thread/INFO]: [WorldEdit] Loading WorldEdit v7.2.5+57d5ac9
[10:22:24] [Server thread/INFO]: Got request to register class com.sk89q.worldedit.bukkit.BukkitServerInterface with WorldEdit [com.sk89q.worldedit.extension.platform.PlatformManager@64cf5550]
[10:22:24] [Server thread/INFO]: [WorldGuard] Loading WorldGuard v7.0.5+3827266
[10:22:24] [Server thread/INFO]: [Citizens] Loading Citizens v2.0.29-SNAPSHOT (build 2520)
[10:22:24] [Server thread/INFO]: [Vault] Enabling Vault v1.7.3-b131
[10:22:24] [Server thread/INFO]: [Vault] [Permission] SuperPermissions loaded as backup permission system.
[10:22:25] [Server thread/INFO]: [Vault] Enabled Version 1.7.3-b131
[10:22:25] [Server thread/INFO]: [WorldEdit] Enabling WorldEdit v7.2.5+57d5ac9
[10:22:25] [Server thread/INFO]: WEPIF: Vault detected! Using Vault for permissions
[10:22:25] [Server thread/INFO]: Using com.sk89q.worldedit.bukkit.adapter.impl.Spigot_v1_16_R3 as the Bukkit adapter
[10:22:27] [Server thread/INFO]: [WorldEdit] ====================================================
[10:22:27] [Server thread/INFO]: [WorldEdit]  WorldEdit works better if you use Paper 
[10:22:27] [Server thread/INFO]: [WorldEdit]  as your server software. 
[10:22:27] [Server thread/INFO]: [WorldEdit]   
[10:22:27] [Server thread/INFO]: [WorldEdit]  Paper offers significant performance improvements,
[10:22:27] [Server thread/INFO]: [WorldEdit]  bug fixes, security enhancements and optional
[10:22:27] [Server thread/INFO]: [WorldEdit]  features for server owners to enhance their server.
[10:22:27] [Server thread/INFO]: [WorldEdit]   
[10:22:27] [Server thread/INFO]: [WorldEdit]  Paper includes Timings v2, which is significantly
[10:22:27] [Server thread/INFO]: [WorldEdit]  better at diagnosing lag problems over v1.
[10:22:27] [Server thread/INFO]: [WorldEdit]   
[10:22:27] [Server thread/INFO]: [WorldEdit]  All of your plugins should still work, and the
[10:22:27] [Server thread/INFO]: [WorldEdit]  Paper community will gladly help you fix any issues.
[10:22:27] [Server thread/INFO]: [WorldEdit]   
[10:22:27] [Server thread/INFO]: [WorldEdit]  Join the Paper Community @ https://papermc.io
[10:22:27] [Server thread/INFO]: [WorldEdit] ====================================================
[10:22:27] [Server thread/WARN]: **** SERVER IS RUNNING IN OFFLINE/INSECURE MODE!
[10:22:27] [Server thread/WARN]: The server will make no attempt to authenticate usernames. Beware.
[10:22:27] [Server thread/WARN]: Whilst this makes it possible to use BungeeCord, unless access to your server is properly restricted, it also opens up the ability for hackers to connect with any username they choose.
[10:22:27] [Server thread/WARN]: Please see http://www.spigotmc.org/wiki/firewall-guide/ for further information.
[10:22:27] [Server thread/WARN]: To change this, set "online-mode" to "true" in the server.properties file.
[10:22:27] [Server thread/INFO]: Preparing level "world"
[10:22:27] [Server thread/INFO]: -------- World Settings For [world] --------
[10:22:27] [Server thread/INFO]: Mob Spawn Range: 6
[10:22:27] [Server thread/INFO]: Experience Merge Radius: 3.0
[10:22:27] [Server thread/INFO]: Cactus Growth Modifier: 100%
[10:22:27] [Server thread/INFO]: Cane Growth Modifier: 100%
[10:22:27] [Server thread/INFO]: Melon Growth Modifier: 100%
[10:22:27] [Server thread/INFO]: Mushroom Growth Modifier: 100%
[10:22:27] [Server thread/INFO]: Pumpkin Growth Modifier: 100%
[10:22:27] [Server thread/INFO]: Sapling Growth Modifier: 100%
[10:22:27] [Server thread/INFO]: Beetroot Growth Modifier: 100%
[10:22:27] [Server thread/INFO]: Carrot Growth Modifier: 100%
[10:22:27] [Server thread/INFO]: Potato Growth Modifier: 100%
[10:22:27] [Server thread/INFO]: Wheat Growth Modifier: 100%
[10:22:27] [Server thread/INFO]: NetherWart Growth Modifier: 100%
[10:22:27] [Server thread/INFO]: Vine Growth Modifier: 100%
[10:22:27] [Server thread/INFO]: Cocoa Growth Modifier: 100%
[10:22:27] [Server thread/INFO]: Bamboo Growth Modifier: 100%
[10:22:27] [Server thread/INFO]: SweetBerry Growth Modifier: 100%
[10:22:27] [Server thread/INFO]: Kelp Growth Modifier: 100%
[10:22:27] [Server thread/INFO]: Entity Activation Range: An 32 / Mo 32 / Ra 48 / Mi 16 / Tiv true
[10:22:27] [Server thread/INFO]: Hopper Transfer: 8 Hopper Check: 1 Hopper Amount: 1
[10:22:27] [Server thread/INFO]: Custom Map Seeds:  Village: 10387312 Desert: 14357617 Igloo: 14357618 Jungle: 14357619 Swamp: 14357620 Monument: 10387313 Ocean: 14357621 Shipwreck: 165745295 End City: 10387313 Slime: 987234911 Bastion: 30084232 Fortress: 30084232 Mansion: 10387319 Fossil: 14357921 Portal: 34222645
[10:22:27] [Server thread/INFO]: Max TNT Explosions: 100
[10:22:27] [Server thread/INFO]: Tile Max Tick Time: 50ms Entity max Tick Time: 50ms
[10:22:27] [Server thread/INFO]: Entity Tracking Range: Pl 48 / An 48 / Mo 48 / Mi 32 / Other 64
[10:22:27] [Server thread/INFO]: Allow Zombie Pigmen to spawn from portal blocks: true
[10:22:27] [Server thread/INFO]: Item Despawn Rate: 6000
[10:22:27] [Server thread/INFO]: Item Merge Radius: 2.5
[10:22:27] [Server thread/INFO]: View Distance: 10
[10:22:27] [Server thread/INFO]: Arrow Despawn Rate: 1200 Trident Respawn Rate:1200
[10:22:27] [Server thread/INFO]: Zombie Aggressive Towards Villager: true
[10:22:27] [Server thread/INFO]: Nerfing mobs spawned from spawners: false
[10:22:28] [Server thread/INFO]: Registering commands with com.sk89q.worldedit.bukkit.BukkitServerInterface
[10:22:29] [Server thread/INFO]: -------- World Settings For [world_nether] --------
[10:22:29] [Server thread/INFO]: Mob Spawn Range: 6
[10:22:29] [Server thread/INFO]: Experience Merge Radius: 3.0
[10:22:29] [Server thread/INFO]: Cactus Growth Modifier: 100%
[10:22:29] [Server thread/INFO]: Cane Growth Modifier: 100%
[10:22:29] [Server thread/INFO]: Melon Growth Modifier: 100%
[10:22:29] [Server thread/INFO]: Mushroom Growth Modifier: 100%
[10:22:29] [Server thread/INFO]: Pumpkin Growth Modifier: 100%
[10:22:29] [Server thread/INFO]: Sapling Growth Modifier: 100%
[10:22:29] [Server thread/INFO]: Beetroot Growth Modifier: 100%
[10:22:29] [Server thread/INFO]: Carrot Growth Modifier: 100%
[10:22:29] [Server thread/INFO]: Potato Growth Modifier: 100%
[10:22:29] [Server thread/INFO]: Wheat Growth Modifier: 100%
[10:22:29] [Server thread/INFO]: NetherWart Growth Modifier: 100%
[10:22:29] [Server thread/INFO]: Vine Growth Modifier: 100%
[10:22:29] [Server thread/INFO]: Cocoa Growth Modifier: 100%
[10:22:29] [Server thread/INFO]: Bamboo Growth Modifier: 100%
[10:22:29] [Server thread/INFO]: SweetBerry Growth Modifier: 100%
[10:22:29] [Server thread/INFO]: Kelp Growth Modifier: 100%
[10:22:29] [Server thread/INFO]: Entity Activation Range: An 32 / Mo 32 / Ra 48 / Mi 16 / Tiv true
[10:22:29] [Server thread/INFO]: Hopper Transfer: 8 Hopper Check: 1 Hopper Amount: 1
[10:22:29] [Server thread/INFO]: Custom Map Seeds:  Village: 10387312 Desert: 14357617 Igloo: 14357618 Jungle: 14357619 Swamp: 14357620 Monument: 10387313 Ocean: 14357621 Shipwreck: 165745295 End City: 10387313 Slime: 987234911 Bastion: 30084232 Fortress: 30084232 Mansion: 10387319 Fossil: 14357921 Portal: 34222645
[10:22:29] [Server thread/INFO]: Max TNT Explosions: 100
[10:22:29] [Server thread/INFO]: Tile Max Tick Time: 50ms Entity max Tick Time: 50ms
[10:22:29] [Server thread/INFO]: Entity Tracking Range: Pl 48 / An 48 / Mo 48 / Mi 32 / Other 64
[10:22:29] [Server thread/INFO]: Allow Zombie Pigmen to spawn from portal blocks: true
[10:22:29] [Server thread/INFO]: Item Despawn Rate: 6000
[10:22:29] [Server thread/INFO]: Item Merge Radius: 2.5
[10:22:29] [Server thread/INFO]: View Distance: 10
[10:22:29] [Server thread/INFO]: Arrow Despawn Rate: 1200 Trident Respawn Rate:1200
[10:22:29] [Server thread/INFO]: Zombie Aggressive Towards Villager: true
[10:22:29] [Server thread/INFO]: Nerfing mobs spawned from spawners: false
[10:22:29] [Server thread/INFO]: -------- World Settings For [world_the_end] --------
[10:22:29] [Server thread/INFO]: Mob Spawn Range: 6
[10:22:29] [Server thread/INFO]: Experience Merge Radius: 3.0
[10:22:29] [Server thread/INFO]: Cactus Growth Modifier: 100%
[10:22:29] [Server thread/INFO]: Cane Growth Modifier: 100%
[10:22:29] [Server thread/INFO]: Melon Growth Modifier: 100%
[10:22:29] [Server thread/INFO]: Mushroom Growth Modifier: 100%
[10:22:29] [Server thread/INFO]: Pumpkin Growth Modifier: 100%
[10:22:29] [Server thread/INFO]: Sapling Growth Modifier: 100%
[10:22:29] [Server thread/INFO]: Beetroot Growth Modifier: 100%
[10:22:29] [Server thread/INFO]: Carrot Growth Modifier: 100%
[10:22:29] [Server thread/INFO]: Potato Growth Modifier: 100%
[10:22:29] [Server thread/INFO]: Wheat Growth Modifier: 100%
[10:22:29] [Server thread/INFO]: NetherWart Growth Modifier: 100%
[10:22:29] [Server thread/INFO]: Vine Growth Modifier: 100%
[10:22:29] [Server thread/INFO]: Cocoa Growth Modifier: 100%
[10:22:29] [Server thread/INFO]: Bamboo Growth Modifier: 100%
[10:22:29] [Server thread/INFO]: SweetBerry Growth Modifier: 100%
[10:22:29] [Server thread/INFO]: Kelp Growth Modifier: 100%
[10:22:29] [Server thread/INFO]: Entity Activation Range: An 32 / Mo 32 / Ra 48 / Mi 16 / Tiv true
[10:22:29] [Server thread/INFO]: Hopper Transfer: 8 Hopper Check: 1 Hopper Amount: 1
[10:22:29] [Server thread/INFO]: Custom Map Seeds:  Village: 10387312 Desert: 14357617 Igloo: 14357618 Jungle: 14357619 Swamp: 14357620 Monument: 10387313 Ocean: 14357621 Shipwreck: 165745295 End City: 10387313 Slime: 987234911 Bastion: 30084232 Fortress: 30084232 Mansion: 10387319 Fossil: 14357921 Portal: 34222645
[10:22:29] [Server thread/INFO]: Max TNT Explosions: 100
[10:22:29] [Server thread/INFO]: Tile Max Tick Time: 50ms Entity max Tick Time: 50ms
[10:22:29] [Server thread/INFO]: Entity Tracking Range: Pl 48 / An 48 / Mo 48 / Mi 32 / Other 64
[10:22:29] [Server thread/INFO]: Allow Zombie Pigmen to spawn from portal blocks: true
[10:22:29] [Server thread/INFO]: Item Despawn Rate: 6000
[10:22:29] [Server thread/INFO]: Item Merge Radius: 2.5
[10:22:29] [Server thread/INFO]: View Distance: 10
[10:22:29] [Server thread/INFO]: Arrow Despawn Rate: 1200 Trident Respawn Rate:1200
[10:22:29] [Server thread/INFO]: Zombie Aggressive Towards Villager: true
[10:22:29] [Server thread/INFO]: Nerfing mobs spawned from spawners: false
[10:22:29] [Server thread/INFO]: Preparing start region for dimension minecraft:overworld
[10:22:33] [Server thread/INFO]: Preparing spawn area: 0%
[10:22:33] [Server thread/INFO]: Preparing spawn area: 0%
[10:22:33] [Server thread/INFO]: Preparing spawn area: 0%
[10:22:33] [Server thread/INFO]: Preparing spawn area: 0%
[10:22:33] [Server thread/INFO]: Preparing spawn area: 0%
[10:22:33] [Server thread/INFO]: Preparing spawn area: 0%
[10:22:33] [Server thread/INFO]: Preparing spawn area: 0%
[10:22:33] [Server thread/INFO]: Preparing spawn area: 0%
[10:22:33] [Server thread/INFO]: Preparing spawn area: 0%
[10:22:34] [Server thread/INFO]: Time elapsed: 4809 ms
[10:22:34] [Server thread/INFO]: Preparing start region for dimension minecraft:the_nether
[10:22:36] [Server thread/INFO]: Preparing spawn area: 0%
[10:22:36] [Server thread/INFO]: Preparing spawn area: 0%
[10:22:36] [Server thread/INFO]: Preparing spawn area: 0%
[10:22:36] [Server thread/INFO]: Preparing spawn area: 0%
[10:22:36] [Server thread/INFO]: Preparing spawn area: 0%
[10:22:36] [Worker-Main-8/INFO]: Preparing spawn area: 83%
[10:22:37] [Worker-Main-13/INFO]: Preparing spawn area: 83%
[10:22:37] [Worker-Main-12/INFO]: Preparing spawn area: 83%
[10:22:38] [Worker-Main-9/INFO]: Preparing spawn area: 83%
[10:22:38] [Worker-Main-12/INFO]: Preparing spawn area: 83%
[10:22:39] [Worker-Main-9/INFO]: Preparing spawn area: 83%
[10:22:39] [Worker-Main-10/INFO]: Preparing spawn area: 89%
[10:22:40] [Worker-Main-9/INFO]: Preparing spawn area: 92%
[10:22:40] [Worker-Main-9/INFO]: Preparing spawn area: 96%
[10:22:41] [Server thread/INFO]: Time elapsed: 6840 ms
[10:22:41] [Server thread/INFO]: Preparing start region for dimension minecraft:the_end
[10:22:41] [Server thread/INFO]: Preparing spawn area: 0%
[10:22:41] [Worker-Main-14/INFO]: Preparing spawn area: 83%
[10:22:42] [Worker-Main-11/INFO]: Preparing spawn area: 85%
[10:22:42] [Server thread/INFO]: Time elapsed: 1323 ms
[10:22:42] [Server thread/INFO]: [SetHome] Enabling SetHome v1.2
[10:22:42] [Server thread/INFO]: [SetHome] Successfully loaded commands.
[10:22:42] [Server thread/INFO]: [SetHome] Plugin SetHome v1.2 version 1.2 loaded.
[10:22:42] [Server thread/INFO]: [SetHome] SetHome v1.2's native version is 1.16 and is running on server version 3096a-Spigot-9fb885e-af1a232 (MC: 1.16.5).
[10:22:42] [Server thread/INFO]: [SetHome] WARNING. Plugin is running on a different version. Some features may not work.
[10:22:42] [Server thread/INFO]: [SetHome] Bukkit version: 1.16.5-R0.1-SNAPSHOT
[10:22:42] [Server thread/INFO]: [SetHome] Registered listeners.
[10:22:42] [Server thread/INFO]: [mcloginx] Enabling mcloginx v2.0.0
[10:22:42] [Server thread/INFO]: [WorldGuard] Enabling WorldGuard v7.0.5+3827266
[10:22:42] [Server thread/INFO]: [WorldGuard] (world) TNT ignition is PERMITTED.
[10:22:42] [Server thread/INFO]: [WorldGuard] (world) Lighters are PERMITTED.
[10:22:42] [Server thread/INFO]: [WorldGuard] (world) Lava fire is PERMITTED.
[10:22:42] [Server thread/INFO]: [WorldGuard] (world) Fire spread is UNRESTRICTED.
[10:22:42] [Server thread/INFO]: [WorldGuard] Loaded configuration for world 'world'
[10:22:42] [Server thread/INFO]: [WorldGuard] (world_nether) TNT ignition is PERMITTED.
[10:22:42] [Server thread/INFO]: [WorldGuard] (world_nether) Lighters are PERMITTED.
[10:22:42] [Server thread/INFO]: [WorldGuard] (world_nether) Lava fire is PERMITTED.
[10:22:42] [Server thread/INFO]: [WorldGuard] (world_nether) Fire spread is UNRESTRICTED.
[10:22:42] [Server thread/INFO]: [WorldGuard] Loaded configuration for world 'world_nether'
[10:22:42] [Server thread/INFO]: [WorldGuard] (world_the_end) TNT ignition is PERMITTED.
[10:22:42] [Server thread/INFO]: [WorldGuard] (world_the_end) Lighters are PERMITTED.
[10:22:42] [Server thread/INFO]: [WorldGuard] (world_the_end) Lava fire is PERMITTED.
[10:22:42] [Server thread/INFO]: [WorldGuard] (world_the_end) Fire spread is UNRESTRICTED.
[10:22:42] [Server thread/INFO]: [WorldGuard] Loaded configuration for world 'world_the_end'
[10:22:42] [Server thread/INFO]: [WorldGuard] Loading region data...
[10:22:43] [Server thread/INFO]: [Citizens] Enabling Citizens v2.0.29-SNAPSHOT (build 2520)
[10:22:43] [Server thread/INFO]: Server permissions file permissions.yml is empty, ignoring it
[10:22:43] [Server thread/INFO]: Done (16.393s)! For help, type "help"
[10:22:44] [Server thread/INFO]: [Citizens] Loaded 52 NPCs.
[10:22:44] [Craft Scheduler Thread - 0/INFO]: [Vault] Checking for Updates ... 
[10:22:46] [Craft Scheduler Thread - 0/INFO]: [Vault] There was an issue attempting to check for the latest version.
[10:22:46] [Craft Scheduler Thread - 0/INFO]: [Vault] No new version available
[10:25:23] [User Authenticator #1/INFO]: UUID of player Jack123F1 is c247b3ab-862e-37ad-825b-66b58e1a3544
[10:25:23] [Server thread/INFO]: Jack123F1[/10.1.2.6:47925] logged in with entity id 381 at ([world]-738.5828647560153, 36.0, 460.81748923560656)
[10:31:22] [Server thread/INFO]: Jack123F1 lost connection: Timed out
[10:31:22] [Server thread/INFO]: Jack123F1 left the game
[10:52:54] [User Authenticator #2/INFO]: UUID of player Jack123F1 is c247b3ab-862e-37ad-825b-66b58e1a3544
[10:52:54] [Server thread/INFO]: Jack123F1[/10.1.2.6:48845] logged in with entity id 489 at ([world]-748.6480636218303, 28.0, 456.6315888320691)
[10:53:21] [Server thread/INFO]: Jack123F1 issued server command: /npc sel
[10:53:26] [Server thread/INFO]: Jack123F1 issued server command: /npc text
[10:54:07] [Server thread/INFO]: Jack123F1 issued server command: /npc sel
[10:54:11] [Server thread/INFO]: Jack123F1 issued server command: /npc text
[10:54:21] [Server thread/INFO]: Jack123F1 issued server command: /citizens save
[10:54:22] [Server thread/INFO]: Jack123F1 issued server command: /citizens save
